C:\Program Files\Microsoft Visual Studio\2022\Community\MSBuild\Microsoft\VC\v170\Microsoft.CppBuild.targets(531,5): warning MSB8028: The intermediate directory (x64\Debug\) contains files shared from another project (Lighting.vcxproj).  This can lead to incorrect clean and rebuild behavior.
  main.cpp
E:\anisa87\4th Year\4-2\CG Lab\project\Modern-OpenGL-project-Flat-Interior\Cone.h(148,26): warning C4244: 'initializing': conversion from 'double' to 'float', possible loss of data
  (compiling source file 'main.cpp')
  
E:\anisa87\4th Year\4-2\CG Lab\project\Modern-OpenGL-project-Flat-Interior\sphere.h(198,26): warning C4244: 'initializing': conversion from 'double' to 'float', possible loss of data
  (compiling source file 'main.cpp')
  
E:\anisa87\4th Year\4-2\CG Lab\project\Modern-OpenGL-project-Flat-Interior\sphere.h(199,25): warning C4244: 'initializing': conversion from 'double' to 'float', possible loss of data
  (compiling source file 'main.cpp')
  
E:\anisa87\4th Year\4-2\CG Lab\project\Modern-OpenGL-project-Flat-Interior\sphere.h(203,33): warning C4244: '=': conversion from 'double' to 'float', possible loss of data
  (compiling source file 'main.cpp')
  
E:\anisa87\4th Year\4-2\CG Lab\project\Modern-OpenGL-project-Flat-Interior\cylinder.h(94,26): warning C4244: 'initializing': conversion from 'double' to 'float', possible loss of data
  (compiling source file 'main.cpp')
  
E:\anisa87\4th Year\4-2\CG Lab\project\Modern-OpenGL-project-Flat-Interior\main.cpp(100,32): warning C4101: 'scaleMatrix': unreferenced local variable
E:\anisa87\4th Year\4-2\CG Lab\project\Modern-OpenGL-project-Flat-Interior\main.cpp(100,45): warning C4101: 'rotateMatrix': unreferenced local variable
E:\anisa87\4th Year\4-2\CG Lab\project\Modern-OpenGL-project-Flat-Interior\main.cpp(175,35): warning C4305: 'initializing': truncation from 'double' to 'float'
E:\anisa87\4th Year\4-2\CG Lab\project\Modern-OpenGL-project-Flat-Interior\main.cpp(176,35): warning C4305: 'initializing': truncation from 'double' to 'float'
E:\anisa87\4th Year\4-2\CG Lab\project\Modern-OpenGL-project-Flat-Interior\main.cpp(454,37): warning C4244: 'initializing': conversion from 'double' to 'float', possible loss of data
E:\anisa87\4th Year\4-2\CG Lab\project\Modern-OpenGL-project-Flat-Interior\main.cpp(454,28): warning C4244: 'initializing': conversion from 'double' to 'const float', possible loss of data
E:\anisa87\4th Year\4-2\CG Lab\project\Modern-OpenGL-project-Flat-Interior\main.cpp(457,18): warning C4244: 'initializing': conversion from 'double' to 'float', possible loss of data
E:\anisa87\4th Year\4-2\CG Lab\project\Modern-OpenGL-project-Flat-Interior\main.cpp(467,29): warning C4244: '=': conversion from 'double' to 'float', possible loss of data
E:\anisa87\4th Year\4-2\CG Lab\project\Modern-OpenGL-project-Flat-Interior\main.cpp(473,23): warning C4244: '=': conversion from 'double' to 'float', possible loss of data
E:\anisa87\4th Year\4-2\CG Lab\project\Modern-OpenGL-project-Flat-Interior\main.cpp(474,23): warning C4244: '=': conversion from 'double' to 'float', possible loss of data
E:\anisa87\4th Year\4-2\CG Lab\project\Modern-OpenGL-project-Flat-Interior\main.cpp(579,13): warning C4305: 'initializing': truncation from 'double' to '_Ty'
E:\anisa87\4th Year\4-2\CG Lab\project\Modern-OpenGL-project-Flat-Interior\main.cpp(579,13): warning C4305:         with
E:\anisa87\4th Year\4-2\CG Lab\project\Modern-OpenGL-project-Flat-Interior\main.cpp(579,13): warning C4305:         [
E:\anisa87\4th Year\4-2\CG Lab\project\Modern-OpenGL-project-Flat-Interior\main.cpp(579,13): warning C4305:             _Ty=float
E:\anisa87\4th Year\4-2\CG Lab\project\Modern-OpenGL-project-Flat-Interior\main.cpp(579,13): warning C4305:         ]
E:\anisa87\4th Year\4-2\CG Lab\project\Modern-OpenGL-project-Flat-Interior\main.cpp(580,13): warning C4305: 'initializing': truncation from 'double' to '_Ty'
E:\anisa87\4th Year\4-2\CG Lab\project\Modern-OpenGL-project-Flat-Interior\main.cpp(580,13): warning C4305:         with
E:\anisa87\4th Year\4-2\CG Lab\project\Modern-OpenGL-project-Flat-Interior\main.cpp(580,13): warning C4305:         [
E:\anisa87\4th Year\4-2\CG Lab\project\Modern-OpenGL-project-Flat-Interior\main.cpp(580,13): warning C4305:             _Ty=float
E:\anisa87\4th Year\4-2\CG Lab\project\Modern-OpenGL-project-Flat-Interior\main.cpp(580,13): warning C4305:         ]
E:\anisa87\4th Year\4-2\CG Lab\project\Modern-OpenGL-project-Flat-Interior\main.cpp(581,13): warning C4305: 'initializing': truncation from 'double' to '_Ty'
E:\anisa87\4th Year\4-2\CG Lab\project\Modern-OpenGL-project-Flat-Interior\main.cpp(581,13): warning C4305:         with
E:\anisa87\4th Year\4-2\CG Lab\project\Modern-OpenGL-project-Flat-Interior\main.cpp(581,13): warning C4305:         [
E:\anisa87\4th Year\4-2\CG Lab\project\Modern-OpenGL-project-Flat-Interior\main.cpp(581,13): warning C4305:             _Ty=float
E:\anisa87\4th Year\4-2\CG Lab\project\Modern-OpenGL-project-Flat-Interior\main.cpp(581,13): warning C4305:         ]
E:\anisa87\4th Year\4-2\CG Lab\project\Modern-OpenGL-project-Flat-Interior\main.cpp(582,13): warning C4305: 'initializing': truncation from 'double' to '_Ty'
E:\anisa87\4th Year\4-2\CG Lab\project\Modern-OpenGL-project-Flat-Interior\main.cpp(582,13): warning C4305:         with
E:\anisa87\4th Year\4-2\CG Lab\project\Modern-OpenGL-project-Flat-Interior\main.cpp(582,13): warning C4305:         [
E:\anisa87\4th Year\4-2\CG Lab\project\Modern-OpenGL-project-Flat-Interior\main.cpp(582,13): warning C4305:             _Ty=float
E:\anisa87\4th Year\4-2\CG Lab\project\Modern-OpenGL-project-Flat-Interior\main.cpp(582,13): warning C4305:         ]
E:\anisa87\4th Year\4-2\CG Lab\project\Modern-OpenGL-project-Flat-Interior\main.cpp(584,13): warning C4305: 'initializing': truncation from 'double' to '_Ty'
E:\anisa87\4th Year\4-2\CG Lab\project\Modern-OpenGL-project-Flat-Interior\main.cpp(584,13): warning C4305:         with
E:\anisa87\4th Year\4-2\CG Lab\project\Modern-OpenGL-project-Flat-Interior\main.cpp(584,13): warning C4305:         [
E:\anisa87\4th Year\4-2\CG Lab\project\Modern-OpenGL-project-Flat-Interior\main.cpp(584,13): warning C4305:             _Ty=float
E:\anisa87\4th Year\4-2\CG Lab\project\Modern-OpenGL-project-Flat-Interior\main.cpp(584,13): warning C4305:         ]
E:\anisa87\4th Year\4-2\CG Lab\project\Modern-OpenGL-project-Flat-Interior\main.cpp(585,13): warning C4305: 'initializing': truncation from 'double' to '_Ty'
E:\anisa87\4th Year\4-2\CG Lab\project\Modern-OpenGL-project-Flat-Interior\main.cpp(585,13): warning C4305:         with
E:\anisa87\4th Year\4-2\CG Lab\project\Modern-OpenGL-project-Flat-Interior\main.cpp(585,13): warning C4305:         [
E:\anisa87\4th Year\4-2\CG Lab\project\Modern-OpenGL-project-Flat-Interior\main.cpp(585,13): warning C4305:             _Ty=float
E:\anisa87\4th Year\4-2\CG Lab\project\Modern-OpenGL-project-Flat-Interior\main.cpp(585,13): warning C4305:         ]
E:\anisa87\4th Year\4-2\CG Lab\project\Modern-OpenGL-project-Flat-Interior\main.cpp(586,14): warning C4305: 'initializing': truncation from 'double' to '_Ty'
E:\anisa87\4th Year\4-2\CG Lab\project\Modern-OpenGL-project-Flat-Interior\main.cpp(586,14): warning C4305:         with
E:\anisa87\4th Year\4-2\CG Lab\project\Modern-OpenGL-project-Flat-Interior\main.cpp(586,14): warning C4305:         [
E:\anisa87\4th Year\4-2\CG Lab\project\Modern-OpenGL-project-Flat-Interior\main.cpp(586,14): warning C4305:             _Ty=float
E:\anisa87\4th Year\4-2\CG Lab\project\Modern-OpenGL-project-Flat-Interior\main.cpp(586,14): warning C4305:         ]
E:\anisa87\4th Year\4-2\CG Lab\project\Modern-OpenGL-project-Flat-Interior\main.cpp(587,14): warning C4305: 'initializing': truncation from 'double' to '_Ty'
E:\anisa87\4th Year\4-2\CG Lab\project\Modern-OpenGL-project-Flat-Interior\main.cpp(587,14): warning C4305:         with
E:\anisa87\4th Year\4-2\CG Lab\project\Modern-OpenGL-project-Flat-Interior\main.cpp(587,14): warning C4305:         [
E:\anisa87\4th Year\4-2\CG Lab\project\Modern-OpenGL-project-Flat-Interior\main.cpp(587,14): warning C4305:             _Ty=float
E:\anisa87\4th Year\4-2\CG Lab\project\Modern-OpenGL-project-Flat-Interior\main.cpp(587,14): warning C4305:         ]
E:\anisa87\4th Year\4-2\CG Lab\project\Modern-OpenGL-project-Flat-Interior\main.cpp(594,14): warning C4305: 'initializing': truncation from 'double' to '_Ty'
E:\anisa87\4th Year\4-2\CG Lab\project\Modern-OpenGL-project-Flat-Interior\main.cpp(594,14): warning C4305:         with
E:\anisa87\4th Year\4-2\CG Lab\project\Modern-OpenGL-project-Flat-Interior\main.cpp(594,14): warning C4305:         [
E:\anisa87\4th Year\4-2\CG Lab\project\Modern-OpenGL-project-Flat-Interior\main.cpp(594,14): warning C4305:             _Ty=float
E:\anisa87\4th Year\4-2\CG Lab\project\Modern-OpenGL-project-Flat-Interior\main.cpp(594,14): warning C4305:         ]
E:\anisa87\4th Year\4-2\CG Lab\project\Modern-OpenGL-project-Flat-Interior\main.cpp(595,14): warning C4305: 'initializing': truncation from 'double' to '_Ty'
E:\anisa87\4th Year\4-2\CG Lab\project\Modern-OpenGL-project-Flat-Interior\main.cpp(595,14): warning C4305:         with
E:\anisa87\4th Year\4-2\CG Lab\project\Modern-OpenGL-project-Flat-Interior\main.cpp(595,14): warning C4305:         [
E:\anisa87\4th Year\4-2\CG Lab\project\Modern-OpenGL-project-Flat-Interior\main.cpp(595,14): warning C4305:             _Ty=float
E:\anisa87\4th Year\4-2\CG Lab\project\Modern-OpenGL-project-Flat-Interior\main.cpp(595,14): warning C4305:         ]
E:\anisa87\4th Year\4-2\CG Lab\project\Modern-OpenGL-project-Flat-Interior\main.cpp(596,14): warning C4305: 'initializing': truncation from 'double' to '_Ty'
E:\anisa87\4th Year\4-2\CG Lab\project\Modern-OpenGL-project-Flat-Interior\main.cpp(596,14): warning C4305:         with
E:\anisa87\4th Year\4-2\CG Lab\project\Modern-OpenGL-project-Flat-Interior\main.cpp(596,14): warning C4305:         [
E:\anisa87\4th Year\4-2\CG Lab\project\Modern-OpenGL-project-Flat-Interior\main.cpp(596,14): warning C4305:             _Ty=float
E:\anisa87\4th Year\4-2\CG Lab\project\Modern-OpenGL-project-Flat-Interior\main.cpp(596,14): warning C4305:         ]
E:\anisa87\4th Year\4-2\CG Lab\project\Modern-OpenGL-project-Flat-Interior\main.cpp(597,14): warning C4305: 'initializing': truncation from 'double' to '_Ty'
E:\anisa87\4th Year\4-2\CG Lab\project\Modern-OpenGL-project-Flat-Interior\main.cpp(597,14): warning C4305:         with
E:\anisa87\4th Year\4-2\CG Lab\project\Modern-OpenGL-project-Flat-Interior\main.cpp(597,14): warning C4305:         [
E:\anisa87\4th Year\4-2\CG Lab\project\Modern-OpenGL-project-Flat-Interior\main.cpp(597,14): warning C4305:             _Ty=float
E:\anisa87\4th Year\4-2\CG Lab\project\Modern-OpenGL-project-Flat-Interior\main.cpp(597,14): warning C4305:         ]
E:\anisa87\4th Year\4-2\CG Lab\project\Modern-OpenGL-project-Flat-Interior\main.cpp(599,14): warning C4305: 'initializing': truncation from 'double' to '_Ty'
E:\anisa87\4th Year\4-2\CG Lab\project\Modern-OpenGL-project-Flat-Interior\main.cpp(599,14): warning C4305:         with
E:\anisa87\4th Year\4-2\CG Lab\project\Modern-OpenGL-project-Flat-Interior\main.cpp(599,14): warning C4305:         [
E:\anisa87\4th Year\4-2\CG Lab\project\Modern-OpenGL-project-Flat-Interior\main.cpp(599,14): warning C4305:             _Ty=float
E:\anisa87\4th Year\4-2\CG Lab\project\Modern-OpenGL-project-Flat-Interior\main.cpp(599,14): warning C4305:         ]
E:\anisa87\4th Year\4-2\CG Lab\project\Modern-OpenGL-project-Flat-Interior\main.cpp(600,14): warning C4305: 'initializing': truncation from 'double' to '_Ty'
E:\anisa87\4th Year\4-2\CG Lab\project\Modern-OpenGL-project-Flat-Interior\main.cpp(600,14): warning C4305:         with
E:\anisa87\4th Year\4-2\CG Lab\project\Modern-OpenGL-project-Flat-Interior\main.cpp(600,14): warning C4305:         [
E:\anisa87\4th Year\4-2\CG Lab\project\Modern-OpenGL-project-Flat-Interior\main.cpp(600,14): warning C4305:             _Ty=float
E:\anisa87\4th Year\4-2\CG Lab\project\Modern-OpenGL-project-Flat-Interior\main.cpp(600,14): warning C4305:         ]
E:\anisa87\4th Year\4-2\CG Lab\project\Modern-OpenGL-project-Flat-Interior\main.cpp(601,15): warning C4305: 'initializing': truncation from 'double' to '_Ty'
E:\anisa87\4th Year\4-2\CG Lab\project\Modern-OpenGL-project-Flat-Interior\main.cpp(601,15): warning C4305:         with
E:\anisa87\4th Year\4-2\CG Lab\project\Modern-OpenGL-project-Flat-Interior\main.cpp(601,15): warning C4305:         [
E:\anisa87\4th Year\4-2\CG Lab\project\Modern-OpenGL-project-Flat-Interior\main.cpp(601,15): warning C4305:             _Ty=float
E:\anisa87\4th Year\4-2\CG Lab\project\Modern-OpenGL-project-Flat-Interior\main.cpp(601,15): warning C4305:         ]
E:\anisa87\4th Year\4-2\CG Lab\project\Modern-OpenGL-project-Flat-Interior\main.cpp(602,15): warning C4305: 'initializing': truncation from 'double' to '_Ty'
E:\anisa87\4th Year\4-2\CG Lab\project\Modern-OpenGL-project-Flat-Interior\main.cpp(602,15): warning C4305:         with
E:\anisa87\4th Year\4-2\CG Lab\project\Modern-OpenGL-project-Flat-Interior\main.cpp(602,15): warning C4305:         [
E:\anisa87\4th Year\4-2\CG Lab\project\Modern-OpenGL-project-Flat-Interior\main.cpp(602,15): warning C4305:             _Ty=float
E:\anisa87\4th Year\4-2\CG Lab\project\Modern-OpenGL-project-Flat-Interior\main.cpp(602,15): warning C4305:         ]
E:\anisa87\4th Year\4-2\CG Lab\project\Modern-OpenGL-project-Flat-Interior\main.cpp(607,6): warning C4305: 'initializing': truncation from 'double' to '_Ty'
E:\anisa87\4th Year\4-2\CG Lab\project\Modern-OpenGL-project-Flat-Interior\main.cpp(607,6): warning C4305:         with
E:\anisa87\4th Year\4-2\CG Lab\project\Modern-OpenGL-project-Flat-Interior\main.cpp(607,6): warning C4305:         [
E:\anisa87\4th Year\4-2\CG Lab\project\Modern-OpenGL-project-Flat-Interior\main.cpp(607,6): warning C4305:             _Ty=float
E:\anisa87\4th Year\4-2\CG Lab\project\Modern-OpenGL-project-Flat-Interior\main.cpp(607,6): warning C4305:         ]
E:\anisa87\4th Year\4-2\CG Lab\project\Modern-OpenGL-project-Flat-Interior\main.cpp(607,18): warning C4305: 'initializing': truncation from 'double' to '_Ty'
E:\anisa87\4th Year\4-2\CG Lab\project\Modern-OpenGL-project-Flat-Interior\main.cpp(607,18): warning C4305:         with
E:\anisa87\4th Year\4-2\CG Lab\project\Modern-OpenGL-project-Flat-Interior\main.cpp(607,18): warning C4305:         [
E:\anisa87\4th Year\4-2\CG Lab\project\Modern-OpenGL-project-Flat-Interior\main.cpp(607,18): warning C4305:             _Ty=float
E:\anisa87\4th Year\4-2\CG Lab\project\Modern-OpenGL-project-Flat-Interior\main.cpp(607,18): warning C4305:         ]
E:\anisa87\4th Year\4-2\CG Lab\project\Modern-OpenGL-project-Flat-Interior\main.cpp(608,17): warning C4305: 'initializing': truncation from 'double' to '_Ty'
E:\anisa87\4th Year\4-2\CG Lab\project\Modern-OpenGL-project-Flat-Interior\main.cpp(608,17): warning C4305:         with
E:\anisa87\4th Year\4-2\CG Lab\project\Modern-OpenGL-project-Flat-Interior\main.cpp(608,17): warning C4305:         [
E:\anisa87\4th Year\4-2\CG Lab\project\Modern-OpenGL-project-Flat-Interior\main.cpp(608,17): warning C4305:             _Ty=float
E:\anisa87\4th Year\4-2\CG Lab\project\Modern-OpenGL-project-Flat-Interior\main.cpp(608,17): warning C4305:         ]
E:\anisa87\4th Year\4-2\CG Lab\project\Modern-OpenGL-project-Flat-Interior\main.cpp(609,17): warning C4305: 'initializing': truncation from 'double' to '_Ty'
E:\anisa87\4th Year\4-2\CG Lab\project\Modern-OpenGL-project-Flat-Interior\main.cpp(609,17): warning C4305:         with
E:\anisa87\4th Year\4-2\CG Lab\project\Modern-OpenGL-project-Flat-Interior\main.cpp(609,17): warning C4305:         [
E:\anisa87\4th Year\4-2\CG Lab\project\Modern-OpenGL-project-Flat-Interior\main.cpp(609,17): warning C4305:             _Ty=float
E:\anisa87\4th Year\4-2\CG Lab\project\Modern-OpenGL-project-Flat-Interior\main.cpp(609,17): warning C4305:         ]
E:\anisa87\4th Year\4-2\CG Lab\project\Modern-OpenGL-project-Flat-Interior\main.cpp(610,6): warning C4305: 'initializing': truncation from 'double' to '_Ty'
E:\anisa87\4th Year\4-2\CG Lab\project\Modern-OpenGL-project-Flat-Interior\main.cpp(610,6): warning C4305:         with
E:\anisa87\4th Year\4-2\CG Lab\project\Modern-OpenGL-project-Flat-Interior\main.cpp(610,6): warning C4305:         [
E:\anisa87\4th Year\4-2\CG Lab\project\Modern-OpenGL-project-Flat-Interior\main.cpp(610,6): warning C4305:             _Ty=float
E:\anisa87\4th Year\4-2\CG Lab\project\Modern-OpenGL-project-Flat-Interior\main.cpp(610,6): warning C4305:         ]
E:\anisa87\4th Year\4-2\CG Lab\project\Modern-OpenGL-project-Flat-Interior\main.cpp(610,18): warning C4305: 'initializing': truncation from 'double' to '_Ty'
E:\anisa87\4th Year\4-2\CG Lab\project\Modern-OpenGL-project-Flat-Interior\main.cpp(610,18): warning C4305:         with
E:\anisa87\4th Year\4-2\CG Lab\project\Modern-OpenGL-project-Flat-Interior\main.cpp(610,18): warning C4305:         [
E:\anisa87\4th Year\4-2\CG Lab\project\Modern-OpenGL-project-Flat-Interior\main.cpp(610,18): warning C4305:             _Ty=float
E:\anisa87\4th Year\4-2\CG Lab\project\Modern-OpenGL-project-Flat-Interior\main.cpp(610,18): warning C4305:         ]
E:\anisa87\4th Year\4-2\CG Lab\project\Modern-OpenGL-project-Flat-Interior\main.cpp(613,7): warning C4305: 'initializing': truncation from 'double' to '_Ty'
E:\anisa87\4th Year\4-2\CG Lab\project\Modern-OpenGL-project-Flat-Interior\main.cpp(613,7): warning C4305:         with
E:\anisa87\4th Year\4-2\CG Lab\project\Modern-OpenGL-project-Flat-Interior\main.cpp(613,7): warning C4305:         [
E:\anisa87\4th Year\4-2\CG Lab\project\Modern-OpenGL-project-Flat-Interior\main.cpp(613,7): warning C4305:             _Ty=float
E:\anisa87\4th Year\4-2\CG Lab\project\Modern-OpenGL-project-Flat-Interior\main.cpp(613,7): warning C4305:         ]
E:\anisa87\4th Year\4-2\CG Lab\project\Modern-OpenGL-project-Flat-Interior\main.cpp(613,19): warning C4305: 'initializing': truncation from 'double' to '_Ty'
E:\anisa87\4th Year\4-2\CG Lab\project\Modern-OpenGL-project-Flat-Interior\main.cpp(613,19): warning C4305:         with
E:\anisa87\4th Year\4-2\CG Lab\project\Modern-OpenGL-project-Flat-Interior\main.cpp(613,19): warning C4305:         [
E:\anisa87\4th Year\4-2\CG Lab\project\Modern-OpenGL-project-Flat-Interior\main.cpp(613,19): warning C4305:             _Ty=float
E:\anisa87\4th Year\4-2\CG Lab\project\Modern-OpenGL-project-Flat-Interior\main.cpp(613,19): warning C4305:         ]
E:\anisa87\4th Year\4-2\CG Lab\project\Modern-OpenGL-project-Flat-Interior\main.cpp(614,19): warning C4305: 'initializing': truncation from 'double' to '_Ty'
E:\anisa87\4th Year\4-2\CG Lab\project\Modern-OpenGL-project-Flat-Interior\main.cpp(614,19): warning C4305:         with
E:\anisa87\4th Year\4-2\CG Lab\project\Modern-OpenGL-project-Flat-Interior\main.cpp(614,19): warning C4305:         [
E:\anisa87\4th Year\4-2\CG Lab\project\Modern-OpenGL-project-Flat-Interior\main.cpp(614,19): warning C4305:             _Ty=float
E:\anisa87\4th Year\4-2\CG Lab\project\Modern-OpenGL-project-Flat-Interior\main.cpp(614,19): warning C4305:         ]
E:\anisa87\4th Year\4-2\CG Lab\project\Modern-OpenGL-project-Flat-Interior\main.cpp(615,19): warning C4305: 'initializing': truncation from 'double' to '_Ty'
E:\anisa87\4th Year\4-2\CG Lab\project\Modern-OpenGL-project-Flat-Interior\main.cpp(615,19): warning C4305:         with
E:\anisa87\4th Year\4-2\CG Lab\project\Modern-OpenGL-project-Flat-Interior\main.cpp(615,19): warning C4305:         [
E:\anisa87\4th Year\4-2\CG Lab\project\Modern-OpenGL-project-Flat-Interior\main.cpp(615,19): warning C4305:             _Ty=float
E:\anisa87\4th Year\4-2\CG Lab\project\Modern-OpenGL-project-Flat-Interior\main.cpp(615,19): warning C4305:         ]
E:\anisa87\4th Year\4-2\CG Lab\project\Modern-OpenGL-project-Flat-Interior\main.cpp(616,7): warning C4305: 'initializing': truncation from 'double' to '_Ty'
E:\anisa87\4th Year\4-2\CG Lab\project\Modern-OpenGL-project-Flat-Interior\main.cpp(616,7): warning C4305:         with
E:\anisa87\4th Year\4-2\CG Lab\project\Modern-OpenGL-project-Flat-Interior\main.cpp(616,7): warning C4305:         [
E:\anisa87\4th Year\4-2\CG Lab\project\Modern-OpenGL-project-Flat-Interior\main.cpp(616,7): warning C4305:             _Ty=float
E:\anisa87\4th Year\4-2\CG Lab\project\Modern-OpenGL-project-Flat-Interior\main.cpp(616,7): warning C4305:         ]
E:\anisa87\4th Year\4-2\CG Lab\project\Modern-OpenGL-project-Flat-Interior\main.cpp(616,19): warning C4305: 'initializing': truncation from 'double' to '_Ty'
E:\anisa87\4th Year\4-2\CG Lab\project\Modern-OpenGL-project-Flat-Interior\main.cpp(616,19): warning C4305:         with
E:\anisa87\4th Year\4-2\CG Lab\project\Modern-OpenGL-project-Flat-Interior\main.cpp(616,19): warning C4305:         [
E:\anisa87\4th Year\4-2\CG Lab\project\Modern-OpenGL-project-Flat-Interior\main.cpp(616,19): warning C4305:             _Ty=float
E:\anisa87\4th Year\4-2\CG Lab\project\Modern-OpenGL-project-Flat-Interior\main.cpp(616,19): warning C4305:         ]
E:\anisa87\4th Year\4-2\CG Lab\project\Modern-OpenGL-project-Flat-Interior\main.cpp(621,6): warning C4305: 'initializing': truncation from 'double' to '_Ty'
E:\anisa87\4th Year\4-2\CG Lab\project\Modern-OpenGL-project-Flat-Interior\main.cpp(621,6): warning C4305:         with
E:\anisa87\4th Year\4-2\CG Lab\project\Modern-OpenGL-project-Flat-Interior\main.cpp(621,6): warning C4305:         [
E:\anisa87\4th Year\4-2\CG Lab\project\Modern-OpenGL-project-Flat-Interior\main.cpp(621,6): warning C4305:             _Ty=float
E:\anisa87\4th Year\4-2\CG Lab\project\Modern-OpenGL-project-Flat-Interior\main.cpp(621,6): warning C4305:         ]
E:\anisa87\4th Year\4-2\CG Lab\project\Modern-OpenGL-project-Flat-Interior\main.cpp(621,18): warning C4305: 'initializing': truncation from 'double' to '_Ty'
E:\anisa87\4th Year\4-2\CG Lab\project\Modern-OpenGL-project-Flat-Interior\main.cpp(621,18): warning C4305:         with
E:\anisa87\4th Year\4-2\CG Lab\project\Modern-OpenGL-project-Flat-Interior\main.cpp(621,18): warning C4305:         [
E:\anisa87\4th Year\4-2\CG Lab\project\Modern-OpenGL-project-Flat-Interior\main.cpp(621,18): warning C4305:             _Ty=float
E:\anisa87\4th Year\4-2\CG Lab\project\Modern-OpenGL-project-Flat-Interior\main.cpp(621,18): warning C4305:         ]
E:\anisa87\4th Year\4-2\CG Lab\project\Modern-OpenGL-project-Flat-Interior\main.cpp(622,17): warning C4305: 'initializing': truncation from 'double' to '_Ty'
E:\anisa87\4th Year\4-2\CG Lab\project\Modern-OpenGL-project-Flat-Interior\main.cpp(622,17): warning C4305:         with
E:\anisa87\4th Year\4-2\CG Lab\project\Modern-OpenGL-project-Flat-Interior\main.cpp(622,17): warning C4305:         [
E:\anisa87\4th Year\4-2\CG Lab\project\Modern-OpenGL-project-Flat-Interior\main.cpp(622,17): warning C4305:             _Ty=float
E:\anisa87\4th Year\4-2\CG Lab\project\Modern-OpenGL-project-Flat-Interior\main.cpp(622,17): warning C4305:         ]
E:\anisa87\4th Year\4-2\CG Lab\project\Modern-OpenGL-project-Flat-Interior\main.cpp(623,17): warning C4305: 'initializing': truncation from 'double' to '_Ty'
E:\anisa87\4th Year\4-2\CG Lab\project\Modern-OpenGL-project-Flat-Interior\main.cpp(623,17): warning C4305:         with
E:\anisa87\4th Year\4-2\CG Lab\project\Modern-OpenGL-project-Flat-Interior\main.cpp(623,17): warning C4305:         [
E:\anisa87\4th Year\4-2\CG Lab\project\Modern-OpenGL-project-Flat-Interior\main.cpp(623,17): warning C4305:             _Ty=float
E:\anisa87\4th Year\4-2\CG Lab\project\Modern-OpenGL-project-Flat-Interior\main.cpp(623,17): warning C4305:         ]
E:\anisa87\4th Year\4-2\CG Lab\project\Modern-OpenGL-project-Flat-Interior\main.cpp(624,6): warning C4305: 'initializing': truncation from 'double' to '_Ty'
E:\anisa87\4th Year\4-2\CG Lab\project\Modern-OpenGL-project-Flat-Interior\main.cpp(624,6): warning C4305:         with
E:\anisa87\4th Year\4-2\CG Lab\project\Modern-OpenGL-project-Flat-Interior\main.cpp(624,6): warning C4305:         [
E:\anisa87\4th Year\4-2\CG Lab\project\Modern-OpenGL-project-Flat-Interior\main.cpp(624,6): warning C4305:             _Ty=float
E:\anisa87\4th Year\4-2\CG Lab\project\Modern-OpenGL-project-Flat-Interior\main.cpp(624,6): warning C4305:         ]
E:\anisa87\4th Year\4-2\CG Lab\project\Modern-OpenGL-project-Flat-Interior\main.cpp(624,18): warning C4305: 'initializing': truncation from 'double' to '_Ty'
E:\anisa87\4th Year\4-2\CG Lab\project\Modern-OpenGL-project-Flat-Interior\main.cpp(624,18): warning C4305:         with
E:\anisa87\4th Year\4-2\CG Lab\project\Modern-OpenGL-project-Flat-Interior\main.cpp(624,18): warning C4305:         [
E:\anisa87\4th Year\4-2\CG Lab\project\Modern-OpenGL-project-Flat-Interior\main.cpp(624,18): warning C4305:             _Ty=float
E:\anisa87\4th Year\4-2\CG Lab\project\Modern-OpenGL-project-Flat-Interior\main.cpp(624,18): warning C4305:         ]
E:\anisa87\4th Year\4-2\CG Lab\project\Modern-OpenGL-project-Flat-Interior\main.cpp(627,7): warning C4305: 'initializing': truncation from 'double' to '_Ty'
E:\anisa87\4th Year\4-2\CG Lab\project\Modern-OpenGL-project-Flat-Interior\main.cpp(627,7): warning C4305:         with
E:\anisa87\4th Year\4-2\CG Lab\project\Modern-OpenGL-project-Flat-Interior\main.cpp(627,7): warning C4305:         [
E:\anisa87\4th Year\4-2\CG Lab\project\Modern-OpenGL-project-Flat-Interior\main.cpp(627,7): warning C4305:             _Ty=float
E:\anisa87\4th Year\4-2\CG Lab\project\Modern-OpenGL-project-Flat-Interior\main.cpp(627,7): warning C4305:         ]
E:\anisa87\4th Year\4-2\CG Lab\project\Modern-OpenGL-project-Flat-Interior\main.cpp(627,19): warning C4305: 'initializing': truncation from 'double' to '_Ty'
E:\anisa87\4th Year\4-2\CG Lab\project\Modern-OpenGL-project-Flat-Interior\main.cpp(627,19): warning C4305:         with
E:\anisa87\4th Year\4-2\CG Lab\project\Modern-OpenGL-project-Flat-Interior\main.cpp(627,19): warning C4305:         [
E:\anisa87\4th Year\4-2\CG Lab\project\Modern-OpenGL-project-Flat-Interior\main.cpp(627,19): warning C4305:             _Ty=float
E:\anisa87\4th Year\4-2\CG Lab\project\Modern-OpenGL-project-Flat-Interior\main.cpp(627,19): warning C4305:         ]
E:\anisa87\4th Year\4-2\CG Lab\project\Modern-OpenGL-project-Flat-Interior\main.cpp(628,19): warning C4305: 'initializing': truncation from 'double' to '_Ty'
E:\anisa87\4th Year\4-2\CG Lab\project\Modern-OpenGL-project-Flat-Interior\main.cpp(628,19): warning C4305:         with
E:\anisa87\4th Year\4-2\CG Lab\project\Modern-OpenGL-project-Flat-Interior\main.cpp(628,19): warning C4305:         [
E:\anisa87\4th Year\4-2\CG Lab\project\Modern-OpenGL-project-Flat-Interior\main.cpp(628,19): warning C4305:             _Ty=float
E:\anisa87\4th Year\4-2\CG Lab\project\Modern-OpenGL-project-Flat-Interior\main.cpp(628,19): warning C4305:         ]
E:\anisa87\4th Year\4-2\CG Lab\project\Modern-OpenGL-project-Flat-Interior\main.cpp(629,19): warning C4305: 'initializing': truncation from 'double' to '_Ty'
E:\anisa87\4th Year\4-2\CG Lab\project\Modern-OpenGL-project-Flat-Interior\main.cpp(629,19): warning C4305:         with
E:\anisa87\4th Year\4-2\CG Lab\project\Modern-OpenGL-project-Flat-Interior\main.cpp(629,19): warning C4305:         [
E:\anisa87\4th Year\4-2\CG Lab\project\Modern-OpenGL-project-Flat-Interior\main.cpp(629,19): warning C4305:             _Ty=float
E:\anisa87\4th Year\4-2\CG Lab\project\Modern-OpenGL-project-Flat-Interior\main.cpp(629,19): warning C4305:         ]
E:\anisa87\4th Year\4-2\CG Lab\project\Modern-OpenGL-project-Flat-Interior\main.cpp(630,7): warning C4305: 'initializing': truncation from 'double' to '_Ty'
E:\anisa87\4th Year\4-2\CG Lab\project\Modern-OpenGL-project-Flat-Interior\main.cpp(630,7): warning C4305:         with
E:\anisa87\4th Year\4-2\CG Lab\project\Modern-OpenGL-project-Flat-Interior\main.cpp(630,7): warning C4305:         [
E:\anisa87\4th Year\4-2\CG Lab\project\Modern-OpenGL-project-Flat-Interior\main.cpp(630,7): warning C4305:             _Ty=float
E:\anisa87\4th Year\4-2\CG Lab\project\Modern-OpenGL-project-Flat-Interior\main.cpp(630,7): warning C4305:         ]
E:\anisa87\4th Year\4-2\CG Lab\project\Modern-OpenGL-project-Flat-Interior\main.cpp(630,19): warning C4305: 'initializing': truncation from 'double' to '_Ty'
E:\anisa87\4th Year\4-2\CG Lab\project\Modern-OpenGL-project-Flat-Interior\main.cpp(630,19): warning C4305:         with
E:\anisa87\4th Year\4-2\CG Lab\project\Modern-OpenGL-project-Flat-Interior\main.cpp(630,19): warning C4305:         [
E:\anisa87\4th Year\4-2\CG Lab\project\Modern-OpenGL-project-Flat-Interior\main.cpp(630,19): warning C4305:             _Ty=float
E:\anisa87\4th Year\4-2\CG Lab\project\Modern-OpenGL-project-Flat-Interior\main.cpp(630,19): warning C4305:         ]
E:\anisa87\4th Year\4-2\CG Lab\project\Modern-OpenGL-project-Flat-Interior\main.cpp(1373,38): warning C4244: 'argument': conversion from 'float' to 'int', possible loss of data
E:\anisa87\4th Year\4-2\CG Lab\project\Modern-OpenGL-project-Flat-Interior\main.cpp(742,56): warning C4101: 'sphereVAO': unreferenced local variable
E:\anisa87\4th Year\4-2\CG Lab\project\Modern-OpenGL-project-Flat-Interior\main.cpp(742,44): warning C4101: 'cylinderVAO': unreferenced local variable
E:\anisa87\4th Year\4-2\CG Lab\project\Modern-OpenGL-project-Flat-Interior\main.cpp(1888,22): warning C4305: 'initializing': truncation from 'double' to 'float'
E:\anisa87\4th Year\4-2\CG Lab\project\Modern-OpenGL-project-Flat-Interior\main.cpp(1889,17): warning C4305: 'initializing': truncation from 'double' to 'float'
E:\anisa87\4th Year\4-2\CG Lab\project\Modern-OpenGL-project-Flat-Interior\main.cpp(1890,18): warning C4305: 'initializing': truncation from 'double' to 'float'
E:\anisa87\4th Year\4-2\CG Lab\project\Modern-OpenGL-project-Flat-Interior\main.cpp(1911,59): warning C4305: 'argument': truncation from 'double' to 'float'
E:\anisa87\4th Year\4-2\CG Lab\project\Modern-OpenGL-project-Flat-Interior\main.cpp(1911,52): warning C4305: 'argument': truncation from 'double' to 'float'
E:\anisa87\4th Year\4-2\CG Lab\project\Modern-OpenGL-project-Flat-Interior\main.cpp(1911,46): warning C4305: 'argument': truncation from 'double' to 'float'
E:\anisa87\4th Year\4-2\CG Lab\project\Modern-OpenGL-project-Flat-Interior\main.cpp(1918,59): warning C4305: 'argument': truncation from 'double' to 'float'
E:\anisa87\4th Year\4-2\CG Lab\project\Modern-OpenGL-project-Flat-Interior\main.cpp(1918,52): warning C4305: 'argument': truncation from 'double' to 'float'
E:\anisa87\4th Year\4-2\CG Lab\project\Modern-OpenGL-project-Flat-Interior\main.cpp(1918,46): warning C4305: 'argument': truncation from 'double' to 'float'
E:\anisa87\4th Year\4-2\CG Lab\project\Modern-OpenGL-project-Flat-Interior\main.cpp(1925,59): warning C4305: 'argument': truncation from 'double' to 'float'
E:\anisa87\4th Year\4-2\CG Lab\project\Modern-OpenGL-project-Flat-Interior\main.cpp(1925,52): warning C4305: 'argument': truncation from 'double' to 'float'
E:\anisa87\4th Year\4-2\CG Lab\project\Modern-OpenGL-project-Flat-Interior\main.cpp(1925,46): warning C4305: 'argument': truncation from 'double' to 'float'
E:\anisa87\4th Year\4-2\CG Lab\project\Modern-OpenGL-project-Flat-Interior\main.cpp(1932,59): warning C4305: 'argument': truncation from 'double' to 'float'
E:\anisa87\4th Year\4-2\CG Lab\project\Modern-OpenGL-project-Flat-Interior\main.cpp(1932,52): warning C4305: 'argument': truncation from 'double' to 'float'
E:\anisa87\4th Year\4-2\CG Lab\project\Modern-OpenGL-project-Flat-Interior\main.cpp(1932,46): warning C4305: 'argument': truncation from 'double' to 'float'
E:\anisa87\4th Year\4-2\CG Lab\project\Modern-OpenGL-project-Flat-Interior\main.cpp(1939,22): warning C4305: 'initializing': truncation from 'double' to 'float'
E:\anisa87\4th Year\4-2\CG Lab\project\Modern-OpenGL-project-Flat-Interior\main.cpp(1986,17): warning C4305: 'initializing': truncation from 'double' to 'float'
E:\anisa87\4th Year\4-2\CG Lab\project\Modern-OpenGL-project-Flat-Interior\main.cpp(2012,14): warning C4305: '=': truncation from 'double' to 'float'
E:\anisa87\4th Year\4-2\CG Lab\project\Modern-OpenGL-project-Flat-Interior\main.cpp(2096,25): warning C4305: 'initializing': truncation from 'double' to 'float'
E:\anisa87\4th Year\4-2\CG Lab\project\Modern-OpenGL-project-Flat-Interior\main.cpp(2097,22): warning C4244: 'initializing': conversion from 'double' to 'float', possible loss of data
E:\anisa87\4th Year\4-2\CG Lab\project\Modern-OpenGL-project-Flat-Interior\main.cpp(2098,21): warning C4244: 'initializing': conversion from 'double' to 'float', possible loss of data
E:\anisa87\4th Year\4-2\CG Lab\project\Modern-OpenGL-project-Flat-Interior\main.cpp(2155,22): warning C4305: 'initializing': truncation from 'double' to 'float'
E:\anisa87\4th Year\4-2\CG Lab\project\Modern-OpenGL-project-Flat-Interior\main.cpp(2156,17): warning C4305: 'initializing': truncation from 'double' to 'float'
E:\anisa87\4th Year\4-2\CG Lab\project\Modern-OpenGL-project-Flat-Interior\main.cpp(2157,18): warning C4305: 'initializing': truncation from 'double' to 'float'
E:\anisa87\4th Year\4-2\CG Lab\project\Modern-OpenGL-project-Flat-Interior\main.cpp(2195,18): warning C4305: 'initializing': truncation from 'double' to 'float'
E:\anisa87\4th Year\4-2\CG Lab\project\Modern-OpenGL-project-Flat-Interior\main.cpp(2196,18): warning C4305: 'initializing': truncation from 'double' to 'float'
E:\anisa87\4th Year\4-2\CG Lab\project\Modern-OpenGL-project-Flat-Interior\main.cpp(2269,17): warning C4305: 'initializing': truncation from 'double' to 'float'
E:\anisa87\4th Year\4-2\CG Lab\project\Modern-OpenGL-project-Flat-Interior\main.cpp(2296,13): warning C4305: '=': truncation from 'double' to 'float'
E:\anisa87\4th Year\4-2\CG Lab\project\Modern-OpenGL-project-Flat-Interior\main.cpp(2297,14): warning C4305: '=': truncation from 'double' to 'float'
E:\anisa87\4th Year\4-2\CG Lab\project\Modern-OpenGL-project-Flat-Interior\main.cpp(2345,22): warning C4305: 'initializing': truncation from 'double' to 'float'
E:\anisa87\4th Year\4-2\CG Lab\project\Modern-OpenGL-project-Flat-Interior\main.cpp(2437,22): warning C4305: 'initializing': truncation from 'double' to 'float'
E:\anisa87\4th Year\4-2\CG Lab\project\Modern-OpenGL-project-Flat-Interior\main.cpp(2440,23): warning C4305: 'initializing': truncation from 'double' to 'float'
E:\anisa87\4th Year\4-2\CG Lab\project\Modern-OpenGL-project-Flat-Interior\main.cpp(2441,24): warning C4305: 'initializing': truncation from 'double' to 'float'
E:\anisa87\4th Year\4-2\CG Lab\project\Modern-OpenGL-project-Flat-Interior\main.cpp(2442,24): warning C4305: 'initializing': truncation from 'double' to 'float'
E:\anisa87\4th Year\4-2\CG Lab\project\Modern-OpenGL-project-Flat-Interior\main.cpp(2443,25): warning C4305: 'initializing': truncation from 'double' to 'float'
E:\anisa87\4th Year\4-2\CG Lab\project\Modern-OpenGL-project-Flat-Interior\main.cpp(2444,22): warning C4305: 'initializing': truncation from 'double' to 'float'
E:\anisa87\4th Year\4-2\CG Lab\project\Modern-OpenGL-project-Flat-Interior\main.cpp(2570,60): warning C4305: 'argument': truncation from 'double' to 'float'
E:\anisa87\4th Year\4-2\CG Lab\project\Modern-OpenGL-project-Flat-Interior\main.cpp(2570,53): warning C4305: 'argument': truncation from 'double' to 'float'
E:\anisa87\4th Year\4-2\CG Lab\project\Modern-OpenGL-project-Flat-Interior\main.cpp(2570,46): warning C4305: 'argument': truncation from 'double' to 'float'
E:\anisa87\4th Year\4-2\CG Lab\project\Modern-OpenGL-project-Flat-Interior\main.cpp(2646,17): warning C4305: 'initializing': truncation from 'double' to 'float'
E:\anisa87\4th Year\4-2\CG Lab\project\Modern-OpenGL-project-Flat-Interior\main.cpp(2683,14): warning C4305: '=': truncation from 'double' to 'float'
E:\anisa87\4th Year\4-2\CG Lab\project\Modern-OpenGL-project-Flat-Interior\main.cpp(2695,22): warning C4305: 'initializing': truncation from 'double' to 'float'
E:\anisa87\4th Year\4-2\CG Lab\project\Modern-OpenGL-project-Flat-Interior\main.cpp(2715,22): warning C4305: 'initializing': truncation from 'double' to 'float'
E:\anisa87\4th Year\4-2\CG Lab\project\Modern-OpenGL-project-Flat-Interior\main.cpp(2716,17): warning C4305: 'initializing': truncation from 'double' to 'float'
E:\anisa87\4th Year\4-2\CG Lab\project\Modern-OpenGL-project-Flat-Interior\main.cpp(2717,18): warning C4305: 'initializing': truncation from 'double' to 'float'
E:\anisa87\4th Year\4-2\CG Lab\project\Modern-OpenGL-project-Flat-Interior\main.cpp(2736,20): warning C4305: 'initializing': truncation from 'double' to 'float'
E:\anisa87\4th Year\4-2\CG Lab\project\Modern-OpenGL-project-Flat-Interior\main.cpp(2754,23): warning C4305: 'initializing': truncation from 'double' to 'float'
E:\anisa87\4th Year\4-2\CG Lab\project\Modern-OpenGL-project-Flat-Interior\main.cpp(2763,23): warning C4305: 'initializing': truncation from 'double' to 'float'
E:\anisa87\4th Year\4-2\CG Lab\project\Modern-OpenGL-project-Flat-Interior\main.cpp(2764,24): warning C4305: 'initializing': truncation from 'double' to 'float'
E:\anisa87\4th Year\4-2\CG Lab\project\Modern-OpenGL-project-Flat-Interior\main.cpp(2856,22): warning C4305: 'initializing': truncation from 'double' to 'float'
E:\anisa87\4th Year\4-2\CG Lab\project\Modern-OpenGL-project-Flat-Interior\main.cpp(2858,18): warning C4305: 'initializing': truncation from 'double' to 'float'
E:\anisa87\4th Year\4-2\CG Lab\project\Modern-OpenGL-project-Flat-Interior\main.cpp(2874,20): warning C4305: 'initializing': truncation from 'double' to 'float'
E:\anisa87\4th Year\4-2\CG Lab\project\Modern-OpenGL-project-Flat-Interior\main.cpp(2875,21): warning C4305: 'initializing': truncation from 'double' to 'float'
E:\anisa87\4th Year\4-2\CG Lab\project\Modern-OpenGL-project-Flat-Interior\main.cpp(2892,23): warning C4305: 'initializing': truncation from 'double' to 'float'
E:\anisa87\4th Year\4-2\CG Lab\project\Modern-OpenGL-project-Flat-Interior\main.cpp(3010,53): warning C4305: 'argument': truncation from 'double' to 'float'
E:\anisa87\4th Year\4-2\CG Lab\project\Modern-OpenGL-project-Flat-Interior\main.cpp(3010,42): warning C4305: 'argument': truncation from 'double' to 'float'
E:\anisa87\4th Year\4-2\CG Lab\project\Modern-OpenGL-project-Flat-Interior\main.cpp(3010,36): warning C4244: 'argument': conversion from 'double' to 'float', possible loss of data
E:\anisa87\4th Year\4-2\CG Lab\project\Modern-OpenGL-project-Flat-Interior\main.cpp(3010,24): warning C4244: 'argument': conversion from 'double' to 'float', possible loss of data
E:\anisa87\4th Year\4-2\CG Lab\project\Modern-OpenGL-project-Flat-Interior\main.cpp(3016,62): warning C4305: 'argument': truncation from 'double' to 'float'
E:\anisa87\4th Year\4-2\CG Lab\project\Modern-OpenGL-project-Flat-Interior\main.cpp(3016,57): warning C4305: 'argument': truncation from 'double' to 'float'
E:\anisa87\4th Year\4-2\CG Lab\project\Modern-OpenGL-project-Flat-Interior\main.cpp(3016,52): warning C4305: 'argument': truncation from 'double' to 'float'
E:\anisa87\4th Year\4-2\CG Lab\project\Modern-OpenGL-project-Flat-Interior\main.cpp(3016,45): warning C4244: 'argument': conversion from 'double' to 'float', possible loss of data
E:\anisa87\4th Year\4-2\CG Lab\project\Modern-OpenGL-project-Flat-Interior\main.cpp(3016,35): warning C4244: 'argument': conversion from 'double' to 'float', possible loss of data
E:\anisa87\4th Year\4-2\CG Lab\project\Modern-OpenGL-project-Flat-Interior\main.cpp(3016,25): warning C4244: 'argument': conversion from 'double' to 'float', possible loss of data
E:\anisa87\4th Year\4-2\CG Lab\project\Modern-OpenGL-project-Flat-Interior\main.cpp(3022,59): warning C4305: 'argument': truncation from 'double' to 'float'
E:\anisa87\4th Year\4-2\CG Lab\project\Modern-OpenGL-project-Flat-Interior\main.cpp(3022,54): warning C4305: 'argument': truncation from 'double' to 'float'
E:\anisa87\4th Year\4-2\CG Lab\project\Modern-OpenGL-project-Flat-Interior\main.cpp(3022,49): warning C4305: 'argument': truncation from 'double' to 'float'
E:\anisa87\4th Year\4-2\CG Lab\project\Modern-OpenGL-project-Flat-Interior\main.cpp(3022,43): warning C4244: 'argument': conversion from 'double' to 'float', possible loss of data
E:\anisa87\4th Year\4-2\CG Lab\project\Modern-OpenGL-project-Flat-Interior\main.cpp(3022,34): warning C4244: 'argument': conversion from 'double' to 'float', possible loss of data
E:\anisa87\4th Year\4-2\CG Lab\project\Modern-OpenGL-project-Flat-Interior\main.cpp(3022,24): warning C4244: 'argument': conversion from 'double' to 'float', possible loss of data
E:\anisa87\4th Year\4-2\CG Lab\project\Modern-OpenGL-project-Flat-Interior\main.cpp(3028,60): warning C4305: 'argument': truncation from 'double' to 'float'
E:\anisa87\4th Year\4-2\CG Lab\project\Modern-OpenGL-project-Flat-Interior\main.cpp(3028,55): warning C4305: 'argument': truncation from 'double' to 'float'
E:\anisa87\4th Year\4-2\CG Lab\project\Modern-OpenGL-project-Flat-Interior\main.cpp(3028,50): warning C4305: 'argument': truncation from 'double' to 'float'
E:\anisa87\4th Year\4-2\CG Lab\project\Modern-OpenGL-project-Flat-Interior\main.cpp(3028,44): warning C4244: 'argument': conversion from 'double' to 'float', possible loss of data
E:\anisa87\4th Year\4-2\CG Lab\project\Modern-OpenGL-project-Flat-Interior\main.cpp(3028,35): warning C4244: 'argument': conversion from 'double' to 'float', possible loss of data
E:\anisa87\4th Year\4-2\CG Lab\project\Modern-OpenGL-project-Flat-Interior\main.cpp(3028,25): warning C4244: 'argument': conversion from 'double' to 'float', possible loss of data
E:\anisa87\4th Year\4-2\CG Lab\project\Modern-OpenGL-project-Flat-Interior\main.cpp(3034,58): warning C4305: 'argument': truncation from 'double' to 'float'
E:\anisa87\4th Year\4-2\CG Lab\project\Modern-OpenGL-project-Flat-Interior\main.cpp(3034,53): warning C4305: 'argument': truncation from 'double' to 'float'
E:\anisa87\4th Year\4-2\CG Lab\project\Modern-OpenGL-project-Flat-Interior\main.cpp(3034,48): warning C4305: 'argument': truncation from 'double' to 'float'
E:\anisa87\4th Year\4-2\CG Lab\project\Modern-OpenGL-project-Flat-Interior\main.cpp(3034,42): warning C4244: 'argument': conversion from 'double' to 'float', possible loss of data
E:\anisa87\4th Year\4-2\CG Lab\project\Modern-OpenGL-project-Flat-Interior\main.cpp(3034,33): warning C4244: 'argument': conversion from 'double' to 'float', possible loss of data
E:\anisa87\4th Year\4-2\CG Lab\project\Modern-OpenGL-project-Flat-Interior\main.cpp(3034,25): warning C4244: 'argument': conversion from 'double' to 'float', possible loss of data
E:\anisa87\4th Year\4-2\CG Lab\project\Modern-OpenGL-project-Flat-Interior\main.cpp(3039,45): warning C4305: 'argument': truncation from 'double' to 'float'
E:\anisa87\4th Year\4-2\CG Lab\project\Modern-OpenGL-project-Flat-Interior\main.cpp(3039,29): warning C4244: 'argument': conversion from 'double' to 'float', possible loss of data
E:\anisa87\4th Year\4-2\CG Lab\project\Modern-OpenGL-project-Flat-Interior\main.cpp(3044,55): warning C4305: 'argument': truncation from 'double' to 'float'
E:\anisa87\4th Year\4-2\CG Lab\project\Modern-OpenGL-project-Flat-Interior\main.cpp(3044,50): warning C4305: 'argument': truncation from 'double' to 'float'
E:\anisa87\4th Year\4-2\CG Lab\project\Modern-OpenGL-project-Flat-Interior\main.cpp(3044,43): warning C4244: 'argument': conversion from 'double' to 'float', possible loss of data
E:\anisa87\4th Year\4-2\CG Lab\project\Modern-OpenGL-project-Flat-Interior\main.cpp(3044,33): warning C4244: 'argument': conversion from 'double' to 'float', possible loss of data
E:\anisa87\4th Year\4-2\CG Lab\project\Modern-OpenGL-project-Flat-Interior\main.cpp(3044,24): warning C4244: 'argument': conversion from 'double' to 'float', possible loss of data
E:\anisa87\4th Year\4-2\CG Lab\project\Modern-OpenGL-project-Flat-Interior\main.cpp(3049,62): warning C4305: 'argument': truncation from 'double' to 'float'
E:\anisa87\4th Year\4-2\CG Lab\project\Modern-OpenGL-project-Flat-Interior\main.cpp(3049,57): warning C4305: 'argument': truncation from 'double' to 'float'
E:\anisa87\4th Year\4-2\CG Lab\project\Modern-OpenGL-project-Flat-Interior\main.cpp(3049,52): warning C4305: 'argument': truncation from 'double' to 'float'
E:\anisa87\4th Year\4-2\CG Lab\project\Modern-OpenGL-project-Flat-Interior\main.cpp(3049,45): warning C4244: 'argument': conversion from 'double' to 'float', possible loss of data
E:\anisa87\4th Year\4-2\CG Lab\project\Modern-OpenGL-project-Flat-Interior\main.cpp(3049,35): warning C4244: 'argument': conversion from 'double' to 'float', possible loss of data
E:\anisa87\4th Year\4-2\CG Lab\project\Modern-OpenGL-project-Flat-Interior\main.cpp(3049,25): warning C4244: 'argument': conversion from 'double' to 'float', possible loss of data
E:\anisa87\4th Year\4-2\CG Lab\project\Modern-OpenGL-project-Flat-Interior\main.cpp(3160,17): warning C4305: 'initializing': truncation from 'double' to 'float'
E:\anisa87\4th Year\4-2\CG Lab\project\Modern-OpenGL-project-Flat-Interior\main.cpp(3201,14): warning C4305: '=': truncation from 'double' to 'float'
E:\anisa87\4th Year\4-2\CG Lab\project\Modern-OpenGL-project-Flat-Interior\main.cpp(3226,22): warning C4305: 'initializing': truncation from 'double' to 'float'
E:\anisa87\4th Year\4-2\CG Lab\project\Modern-OpenGL-project-Flat-Interior\main.cpp(3283,22): warning C4305: 'initializing': truncation from 'double' to 'float'
E:\anisa87\4th Year\4-2\CG Lab\project\Modern-OpenGL-project-Flat-Interior\main.cpp(3284,17): warning C4305: 'initializing': truncation from 'double' to 'float'
E:\anisa87\4th Year\4-2\CG Lab\project\Modern-OpenGL-project-Flat-Interior\main.cpp(3287,24): warning C4305: 'initializing': truncation from 'double' to 'float'
E:\anisa87\4th Year\4-2\CG Lab\project\Modern-OpenGL-project-Flat-Interior\main.cpp(3288,24): warning C4305: 'initializing': truncation from 'double' to 'float'
E:\anisa87\4th Year\4-2\CG Lab\project\Modern-OpenGL-project-Flat-Interior\main.cpp(3290,22): warning C4305: 'initializing': truncation from 'double' to 'float'
E:\anisa87\4th Year\4-2\CG Lab\project\Modern-OpenGL-project-Flat-Interior\main.cpp(3395,22): warning C4305: 'initializing': truncation from 'double' to 'float'
E:\anisa87\4th Year\4-2\CG Lab\project\Modern-OpenGL-project-Flat-Interior\main.cpp(3418,17): warning C4305: 'initializing': truncation from 'double' to 'float'
E:\anisa87\4th Year\4-2\CG Lab\project\Modern-OpenGL-project-Flat-Interior\main.cpp(3420,20): warning C4244: 'initializing': conversion from 'double' to 'float', possible loss of data
E:\anisa87\4th Year\4-2\CG Lab\project\Modern-OpenGL-project-Flat-Interior\main.cpp(3652,75): warning C4305: '+=': truncation from 'double' to 'float'
E:\anisa87\4th Year\4-2\CG Lab\project\Modern-OpenGL-project-Flat-Interior\main.cpp(3663,29): warning C4305: '+=': truncation from 'double' to 'float'
E:\anisa87\4th Year\4-2\CG Lab\project\Modern-OpenGL-project-Flat-Interior\main.cpp(3670,29): warning C4305: '+=': truncation from 'double' to 'float'
E:\anisa87\4th Year\4-2\CG Lab\project\Modern-OpenGL-project-Flat-Interior\main.cpp(3677,29): warning C4305: '+=': truncation from 'double' to 'float'
E:\anisa87\4th Year\4-2\CG Lab\project\Modern-OpenGL-project-Flat-Interior\main.cpp(3700,21): warning C4244: '-=': conversion from 'double' to 'float', possible loss of data
E:\anisa87\4th Year\4-2\CG Lab\project\Modern-OpenGL-project-Flat-Interior\main.cpp(3705,21): warning C4244: '+=': conversion from 'double' to 'float', possible loss of data
E:\anisa87\4th Year\4-2\CG Lab\project\Modern-OpenGL-project-Flat-Interior\main.cpp(3723,28): warning C4305: '+=': truncation from 'double' to 'float'
E:\anisa87\4th Year\4-2\CG Lab\project\Modern-OpenGL-project-Flat-Interior\main.cpp(3737,28): warning C4305: '-=': truncation from 'double' to 'float'
E:\anisa87\4th Year\4-2\CG Lab\project\Modern-OpenGL-project-Flat-Interior\main.cpp(3754,40): warning C4305: '-=': truncation from 'double' to 'float'
E:\anisa87\4th Year\4-2\CG Lab\project\Modern-OpenGL-project-Flat-Interior\main.cpp(3759,40): warning C4305: '+=': truncation from 'double' to 'float'
  Lighting.vcxproj -> E:\anisa87\4th Year\4-2\CG Lab\project\Modern-OpenGL-project-Flat-Interior\x64\Debug\Flat Interior.exe
